#
# A fatal error has been detected by the Java Runtime Environment:
#
#  Internal Error (javaClasses.cpp:126), pid=8092, tid=6660
#  fatal error: Invalid layout of preloaded class
#
# JRE version:  (8.0_20-b26) (build )
# Java VM: Java HotSpot(TM) 64-Bit Server VM (25.20-b23 mixed mode windows-amd64 compressed oops)
# Failed to write core dump. Minidumps are not enabled by default on client versions of Windows
#
# If you would like to submit a bug report, please visit:
#   http://bugreport.sun.com/bugreport/crash.jsp
#

---------------  T H R E A D  ---------------

Current thread (0x0000000001ded800):  JavaThread "Unknown thread" [_thread_in_vm, id=6660, stack(0x0000000001e50000,0x0000000001f50000)]

Stack: [0x0000000001e50000,0x0000000001f50000]
Native frames: (J=compiled Java code, j=interpreted, Vv=VM code, C=native code)
V  [jvm.dll+0x3152fa]
V  [jvm.dll+0x265d03]
V  [jvm.dll+0x266943]
V  [jvm.dll+0x25e1e6]
V  [jvm.dll+0x5e64c]
V  [jvm.dll+0x5e743]
V  [jvm.dll+0x7316a]
V  [jvm.dll+0x734c8]
V  [jvm.dll+0xe3937]
V  [jvm.dll+0xe3cc6]
V  [jvm.dll+0x1f89d7]
V  [jvm.dll+0x229fc4]
V  [jvm.dll+0x14c6f1]
C  [javaw.exe+0x20c6]
C  [javaw.exe+0xc9eb]
C  [javaw.exe+0xca7f]
C  [KERNEL32.DLL+0x16ad]
C  [ntdll.dll+0x54409]


---------------  P R O C E S S  ---------------

Java Threads: ( => current thread )

Other Threads:

=>0x0000000001ded800 (exited) JavaThread "Unknown thread" [_thread_in_vm, id=6660, stack(0x0000000001e50000,0x0000000001f50000)]

VM state:not at safepoint (not fully initialized)

VM Mutex/Monitor currently owned by a thread: None

GC Heap History (0 events):
No events

Deoptimization events (0 events):
No events

Internal exceptions (0 events):
No events

Events (10 events):
Event: 0.015 loading class java/lang/CharSequence done
Event: 0.016 loading class java/lang/String done
Event: 0.016 loading class java/lang/Class
Event: 0.016 loading class java/lang/reflect/AnnotatedElement
Event: 0.016 loading class java/lang/reflect/AnnotatedElement done
Event: 0.016 loading class java/lang/reflect/GenericDeclaration
Event: 0.016 loading class java/lang/reflect/GenericDeclaration done
Event: 0.016 loading class java/lang/reflect/Type
Event: 0.016 loading class java/lang/reflect/Type done
Event: 0.016 loading class java/lang/Class done


Dynamic libraries:
0x00007ff646e20000 - 0x00007ff646e54000 	C:\Program Files\Java\jre1.8.0_20\bin\javaw.exe
0x00007ff9aa1d0000 - 0x00007ff9aa376000 	C:\Windows\SYSTEM32\ntdll.dll
0x00007ff9a7f80000 - 0x00007ff9a80ba000 	C:\Windows\system32\KERNEL32.DLL
0x00007ff9a76b0000 - 0x00007ff9a77bf000 	C:\Windows\system32\KERNELBASE.dll
0x00007ff9a6160000 - 0x00007ff9a61e8000 	C:\Windows\system32\apphelp.dll
0x00007ff997cf0000 - 0x00007ff997d3f000 	C:\Windows\AppPatch\AppPatch64\AcGenral.DLL
0x00007ff9a7ca0000 - 0x00007ff9a7d47000 	C:\Windows\system32\msvcrt.dll
0x00007ff9a73f0000 - 0x00007ff9a741b000 	C:\Windows\SYSTEM32\SspiCli.dll
0x00007ff9a8790000 - 0x00007ff9a87e1000 	C:\Windows\system32\SHLWAPI.dll
0x00007ff9a8170000 - 0x00007ff9a82e1000 	C:\Windows\system32\USER32.dll
0x00007ff9a82f0000 - 0x00007ff9a8468000 	C:\Windows\system32\ole32.dll
0x00007ff9a89d0000 - 0x00007ff9a9ddf000 	C:\Windows\system32\SHELL32.dll
0x00007ff9a6a40000 - 0x00007ff9a6a5e000 	C:\Windows\SYSTEM32\USERENV.dll
0x00007ff9a9f90000 - 0x00007ff9aa035000 	C:\Windows\system32\ADVAPI32.dll
0x00007ff99cdd0000 - 0x00007ff99cdeb000 	C:\Windows\SYSTEM32\MPR.dll
0x00007ff9a84b0000 - 0x00007ff9a85e7000 	C:\Windows\system32\RPCRT4.dll
0x00007ff9aa070000 - 0x00007ff9aa0c7000 	C:\Windows\SYSTEM32\sechost.dll
0x00007ff9a7a50000 - 0x00007ff9a7c26000 	C:\Windows\SYSTEM32\combase.dll
0x00007ff9a7d50000 - 0x00007ff9a7e94000 	C:\Windows\system32\GDI32.dll
0x00007ff9a7540000 - 0x00007ff9a7554000 	C:\Windows\SYSTEM32\profapi.dll
0x00007ff9a58f0000 - 0x00007ff9a598f000 	C:\Windows\SYSTEM32\SHCORE.dll
0x00007ff9a8470000 - 0x00007ff9a84a4000 	C:\Windows\system32\IMM32.DLL
0x00007ff9a9de0000 - 0x00007ff9a9f19000 	C:\Windows\system32\MSCTF.dll
0x00007ff9a51d0000 - 0x00007ff9a542a000 	C:\Windows\WinSxS\amd64_microsoft.windows.common-controls_6595b64144ccf1df_6.0.9600.17031_none_6242a4b3ecbb55a1\COMCTL32.dll
0x0000000052de0000 - 0x0000000052eb2000 	C:\Program Files\Java\jre1.8.0_20\bin\msvcr100.dll
0x0000000053320000 - 0x0000000053b78000 	C:\Program Files\Java\jre1.8.0_20\bin\server\jvm.dll
0x00007ff99cc70000 - 0x00007ff99cc79000 	C:\Windows\SYSTEM32\WSOCK32.dll
0x00007ff9a02e0000 - 0x00007ff9a02ff000 	C:\Windows\SYSTEM32\WINMM.dll
0x00007ff9a9f20000 - 0x00007ff9a9f27000 	C:\Windows\system32\PSAPI.DLL
0x00007ff9a9f30000 - 0x00007ff9a9f88000 	C:\Windows\system32\WS2_32.dll
0x00007ff9a00f0000 - 0x00007ff9a011a000 	C:\Windows\SYSTEM32\WINMMBASE.dll
0x00007ff9aa060000 - 0x00007ff9aa069000 	C:\Windows\system32\NSI.dll
0x00007ff9a7660000 - 0x00007ff9a76aa000 	C:\Windows\SYSTEM32\cfgmgr32.dll
0x00007ff9a63b0000 - 0x00007ff9a63d6000 	C:\Windows\SYSTEM32\DEVOBJ.dll
0x0000000053310000 - 0x000000005331f000 	C:\Program Files\Java\jre1.8.0_20\bin\verify.dll
0x00000000532e0000 - 0x0000000053308000 	C:\Program Files\Java\jre1.8.0_20\bin\java.dll
0x00000000532c0000 - 0x00000000532d6000 	C:\Program Files\Java\jre1.8.0_20\bin\zip.dll
0x00007ff980c00000 - 0x00007ff980d88000 	C:\Windows\SYSTEM32\dbghelp.dll

VM Arguments:
jvm_args: -Dfile.encoding=Cp1252 -Xbootclasspath:C:\adt\adt-bundle-windows-x86_64-20140702\sdk\platforms\android-19\android.jar 
java_command: com.lslutnfra.futuramagame.data.infraestructure.DatabaseConfigUtility
java_class_path (initial): C:\Users\marcelodn\workspace\FuturamaGame\bin\classes;C:\Users\marcelodn\workspace\appcompat_v7\libs\android-support-v4.jar;C:\Users\marcelodn\workspace\appcompat_v7\libs\android-support-v7-appcompat.jar;C:\Users\marcelodn\workspace\FuturamaGame\libs\ormlite-android-4.48.jar;C:\Users\marcelodn\workspace\FuturamaGame\libs\ormlite-core-4.48.jar;C:\Users\marcelodn\workspace\appcompat_v7\bin\appcompat_v7.jar
Launcher Type: SUN_STANDARD

Environment Variables:
PATH=C:/Program Files/Java/jre1.8.0_20/bin/server;C:/Program Files/Java/jre1.8.0_20/bin;C:/Program Files/Java/jre1.8.0_20/lib/amd64;C:\ProgramData\Oracle\Java\javapath;C:\app\marcelodn\product\11.2.0\dbhome_1\bin;C:\Windows\system32;C:\Windows;C:\Windows\System32\Wbem;C:\Windows\System32\WindowsPowerShell\v1.0\;C:\Program Files (x86)\Windows Kits\8.1\Windows Performance Toolkit\;C:\Program Files\Microsoft SQL Server\110\Tools\Binn\;C:\Program Files\Microsoft SQL Server\110\DTS\Binn\;C:\Program Files (x86)\Microsoft SQL Server\110\Tools\Binn\;C:\Program Files (x86)\Microsoft SQL Server\110\Tools\Binn\ManagementStudio\;C:\Program Files (x86)\Microsoft Visual Studio 10.0\Common7\IDE\PrivateAssemblies\;C:\Program Files (x86)\Microsoft SQL Server\110\DTS\Binn\;c:\Program Files (x86)\Microsoft ASP.NET\ASP.NET Web Pages\v1.0\;c:\Program Files (x86)\Microsoft SQL Server\100\Tools\Binn\;c:\Program Files\Microsoft SQL Server\100\Tools\Binn\;c:\Program Files\Microsoft SQL Server\100\DTS\Binn\;C:\Program Files (x86)\Microsoft Team Foundation Server 2010 Power Tools\;C:\Program Files (x86)\Microsoft Team Foundation Server 2010 Power Tools\Best Practices Analyzer\;C:\phantomjs;C:\casperjs\bin;C:\Program Files\nodejs\;C:\Program Files\Microsoft\Web Platform Installer\;C:\Program Files\Perforce;C:\RailsInstaller\Git\cmd;C:\RailsInstaller\Ruby1.9.3\bin;C:\Ruby193\bin;C:\Users\marcelodn\AppData\Roaming\npm;C:\Program Files\Perforce\Server; C:\WebDriver;;C:\adt\adt-bundle-windows-x86_64-20140702\eclipse;
USERNAME=marcelodn
OS=Windows_NT
PROCESSOR_IDENTIFIER=Intel64 Family 6 Model 42 Stepping 7, GenuineIntel



---------------  S Y S T E M  ---------------

OS: Windows 8.1 , 64 bit Build 9600 

CPU:total 4 (2 cores per cpu, 2 threads per core) family 6 model 42 stepping 7, cmov, cx8, fxsr, mmx, sse, sse2, sse3, ssse3, sse4.1, sse4.2, popcnt, avx, clmul, ht, tsc, tscinvbit

Memory: 4k page, physical 7968204k(3262888k free), swap 10327500k(4225236k free)

vm_info: Java HotSpot(TM) 64-Bit Server VM (25.20-b23) for windows-amd64 JRE (1.8.0_20-b26), built on Jul 30 2014 13:51:23 by "java_re" with MS VC++ 10.0 (VS2010)

time: Mon Dec 22 01:04:15 2014
elapsed time: 0 seconds (0d 0h 0m 0s)

